

Started GET "/" for 127.0.0.1 at 2016-04-28 08:52:33 -0700
Processing by Rails::WelcomeController#index as HTML
  Rendered /home/viji/.rbenv/versions/2.2.3/lib/ruby/gems/2.2.0/gems/railties-4.2.6/lib/rails/templates/rails/welcome/index.html.erb (2.9ms)
Completed 200 OK in 243ms (Views: 196.3ms | ActiveRecord: 0.0ms)
  [1m[36m (23.6ms)[0m  [1mCREATE TABLE "schema_migrations" ("version" varchar NOT NULL) [0m
  [1m[35m (0.3ms)[0m  select sqlite_version(*)
  [1m[36m (6.2ms)[0m  [1mCREATE UNIQUE INDEX "unique_schema_migrations" ON "schema_migrations" ("version")[0m
  [1m[35mActiveRecord::SchemaMigration Load (0.4ms)[0m  SELECT "schema_migrations".* FROM "schema_migrations"
Migrating to CreatePosts (20160428155337)
  [1m[36m (0.2ms)[0m  [1mbegin transaction[0m
DEPRECATION WARNING: `#timestamps` was called without specifying an option for `null`. In Rails 5, this behavior will change to `null: false`. You should manually specify `null: true` to prevent the behavior of your existing migrations from changing. (called from block in change at /home/viji/quick_blog/db/migrate/20160428155337_create_posts.rb:7)
  [1m[35m (1.6ms)[0m  CREATE TABLE "posts" ("id" INTEGER PRIMARY KEY AUTOINCREMENT NOT NULL, "title" varchar, "body" text, "created_at" datetime, "updated_at" datetime) 
  [1m[36mSQL (0.8ms)[0m  [1mINSERT INTO "schema_migrations" ("version") VALUES (?)[0m  [["version", "20160428155337"]]
  [1m[35m (6.2ms)[0m  commit transaction
  [1m[36mActiveRecord::SchemaMigration Load (0.3ms)[0m  [1mSELECT "schema_migrations".* FROM "schema_migrations"[0m


Started GET "/" for 127.0.0.1 at 2016-04-28 08:55:31 -0700
  [1m[36mActiveRecord::SchemaMigration Load (0.3ms)[0m  [1mSELECT "schema_migrations".* FROM "schema_migrations"[0m
Processing by Rails::WelcomeController#index as HTML
  Rendered /home/viji/.rbenv/versions/2.2.3/lib/ruby/gems/2.2.0/gems/railties-4.2.6/lib/rails/templates/rails/welcome/index.html.erb (0.1ms)
Completed 200 OK in 68ms (Views: 67.7ms | ActiveRecord: 0.0ms)


Started GET "/posts" for 127.0.0.1 at 2016-04-28 08:55:46 -0700
Processing by PostsController#index as HTML
  [1m[35mPost Load (0.3ms)[0m  SELECT "posts".* FROM "posts"
  Rendered posts/index.html.erb within layouts/application (5.8ms)
Completed 200 OK in 2676ms (Views: 2672.7ms | ActiveRecord: 0.5ms)


Started GET "/assets/posts.self-e3b0c44298fc1c149afbf4c8996fb92427ae41e4649b934ca495991b7852b855.css?body=1" for 127.0.0.1 at 2016-04-28 08:55:49 -0700


Started GET "/assets/scaffolds.self-c816b7709dfec573feeb8a3fb2176daf14dd133c9337fc8d696cf66fbbe602e8.css?body=1" for 127.0.0.1 at 2016-04-28 08:55:49 -0700


Started GET "/assets/posts.self-877aef30ae1b040ab8a3aba4e3e309a11d7f2612f44dde450b5c157aa5f95c05.js?body=1" for 127.0.0.1 at 2016-04-28 08:55:49 -0700


Started GET "/posts/new" for 127.0.0.1 at 2016-04-28 08:55:53 -0700
Processing by PostsController#new as HTML
  Rendered posts/_form.html.erb (235.6ms)
  Rendered posts/new.html.erb within layouts/application (269.1ms)
Completed 200 OK in 373ms (Views: 358.8ms | ActiveRecord: 0.4ms)


Started POST "/posts" for 127.0.0.1 at 2016-04-28 08:56:32 -0700
Processing by PostsController#create as HTML
  Parameters: {"utf8"=>"✓", "authenticity_token"=>"dae429SYb3oOBllAaF9bwDA0OHwXQi+gRBgVFjV3DRBeVzV8+hqQXhAD8PeVtkwcgF6N5nWqQoujk4zBmzu8xw==", "post"=>{"title"=>"My first post", "body"=>"This is my first blog post..."}, "commit"=>"Create Post"}
  [1m[36m (0.1ms)[0m  [1mbegin transaction[0m
  [1m[35mSQL (0.6ms)[0m  INSERT INTO "posts" ("title", "body", "created_at", "updated_at") VALUES (?, ?, ?, ?)  [["title", "My first post"], ["body", "This is my first blog post..."], ["created_at", "2016-04-28 15:56:32.707956"], ["updated_at", "2016-04-28 15:56:32.707956"]]
  [1m[36m (47.0ms)[0m  [1mcommit transaction[0m
Redirected to http://localhost:3000/posts/1
Completed 302 Found in 66ms (ActiveRecord: 47.7ms)


Started GET "/posts/1" for 127.0.0.1 at 2016-04-28 08:56:32 -0700
Processing by PostsController#show as HTML
  Parameters: {"id"=>"1"}
  [1m[35mPost Load (0.8ms)[0m  SELECT  "posts".* FROM "posts" WHERE "posts"."id" = ? LIMIT 1  [["id", 1]]
  Rendered posts/show.html.erb within layouts/application (6.6ms)
Completed 200 OK in 275ms (Views: 121.8ms | ActiveRecord: 0.8ms)


Started GET "/posts/1/edit" for 127.0.0.1 at 2016-04-28 08:57:59 -0700
Processing by PostsController#edit as HTML
  Parameters: {"id"=>"1"}
Completed 500 Internal Server Error in 8ms (ActiveRecord: 0.7ms)

NoMethodError (undefined method `attr_accessible' for #<Class:0x007ffb428fd488>):
  app/models/post.rb:2:in `<class:Post>'
  app/models/post.rb:1:in `<top (required)>'
  app/controllers/posts_controller.rb:67:in `set_post'


  Rendered /home/viji/.rbenv/versions/2.2.3/lib/ruby/gems/2.2.0/gems/actionpack-4.2.6/lib/action_dispatch/middleware/templates/rescues/_source.erb (11.7ms)
  Rendered /home/viji/.rbenv/versions/2.2.3/lib/ruby/gems/2.2.0/gems/actionpack-4.2.6/lib/action_dispatch/middleware/templates/rescues/_trace.html.erb (11.0ms)
  Rendered /home/viji/.rbenv/versions/2.2.3/lib/ruby/gems/2.2.0/gems/actionpack-4.2.6/lib/action_dispatch/middleware/templates/rescues/_request_and_response.html.erb (6.5ms)
  Rendered /home/viji/.rbenv/versions/2.2.3/lib/ruby/gems/2.2.0/gems/actionpack-4.2.6/lib/action_dispatch/middleware/templates/rescues/diagnostics.html.erb within rescues/layout (64.7ms)
  Rendered /home/viji/.rbenv/versions/2.2.3/lib/ruby/gems/2.2.0/gems/web-console-2.3.0/lib/web_console/templates/_markup.html.erb (0.7ms)
  Rendered /home/viji/.rbenv/versions/2.2.3/lib/ruby/gems/2.2.0/gems/web-console-2.3.0/lib/web_console/templates/_inner_console_markup.html.erb within layouts/inlined_string (1.8ms)
  Rendered /home/viji/.rbenv/versions/2.2.3/lib/ruby/gems/2.2.0/gems/web-console-2.3.0/lib/web_console/templates/_prompt_box_markup.html.erb within layouts/inlined_string (1.8ms)
  Rendered /home/viji/.rbenv/versions/2.2.3/lib/ruby/gems/2.2.0/gems/web-console-2.3.0/lib/web_console/templates/style.css.erb within layouts/inlined_string (1.2ms)
  Rendered /home/viji/.rbenv/versions/2.2.3/lib/ruby/gems/2.2.0/gems/web-console-2.3.0/lib/web_console/templates/console.js.erb within layouts/javascript (103.2ms)
  Rendered /home/viji/.rbenv/versions/2.2.3/lib/ruby/gems/2.2.0/gems/web-console-2.3.0/lib/web_console/templates/main.js.erb within layouts/javascript (1.4ms)
  Rendered /home/viji/.rbenv/versions/2.2.3/lib/ruby/gems/2.2.0/gems/web-console-2.3.0/lib/web_console/templates/error_page.js.erb within layouts/javascript (0.8ms)
  Rendered /home/viji/.rbenv/versions/2.2.3/lib/ruby/gems/2.2.0/gems/web-console-2.3.0/lib/web_console/templates/index.html.erb (212.4ms)


Started GET "/posts/1/edit" for 127.0.0.1 at 2016-04-28 08:58:00 -0700
Processing by PostsController#edit as HTML
  Parameters: {"id"=>"1"}
Completed 500 Internal Server Error in 12ms (ActiveRecord: 0.0ms)

NoMethodError (undefined method `attr_accessible' for #<Class:0x0055d54bc1e8c0>):
  app/models/post.rb:2:in `<class:Post>'
  app/models/post.rb:1:in `<top (required)>'
  app/controllers/posts_controller.rb:67:in `set_post'


  Rendered /home/viji/.rbenv/versions/2.2.3/lib/ruby/gems/2.2.0/gems/actionpack-4.2.6/lib/action_dispatch/middleware/templates/rescues/_source.erb (8.3ms)
  Rendered /home/viji/.rbenv/versions/2.2.3/lib/ruby/gems/2.2.0/gems/actionpack-4.2.6/lib/action_dispatch/middleware/templates/rescues/_trace.html.erb (8.6ms)
  Rendered /home/viji/.rbenv/versions/2.2.3/lib/ruby/gems/2.2.0/gems/actionpack-4.2.6/lib/action_dispatch/middleware/templates/rescues/_request_and_response.html.erb (1.5ms)
  Rendered /home/viji/.rbenv/versions/2.2.3/lib/ruby/gems/2.2.0/gems/actionpack-4.2.6/lib/action_dispatch/middleware/templates/rescues/diagnostics.html.erb within rescues/layout (54.4ms)
  Rendered /home/viji/.rbenv/versions/2.2.3/lib/ruby/gems/2.2.0/gems/web-console-2.3.0/lib/web_console/templates/_markup.html.erb (3.2ms)
  Rendered /home/viji/.rbenv/versions/2.2.3/lib/ruby/gems/2.2.0/gems/web-console-2.3.0/lib/web_console/templates/_inner_console_markup.html.erb within layouts/inlined_string (0.6ms)
  Rendered /home/viji/.rbenv/versions/2.2.3/lib/ruby/gems/2.2.0/gems/web-console-2.3.0/lib/web_console/templates/_prompt_box_markup.html.erb within layouts/inlined_string (0.5ms)
  Rendered /home/viji/.rbenv/versions/2.2.3/lib/ruby/gems/2.2.0/gems/web-console-2.3.0/lib/web_console/templates/style.css.erb within layouts/inlined_string (0.6ms)
  Rendered /home/viji/.rbenv/versions/2.2.3/lib/ruby/gems/2.2.0/gems/web-console-2.3.0/lib/web_console/templates/console.js.erb within layouts/javascript (82.7ms)
  Rendered /home/viji/.rbenv/versions/2.2.3/lib/ruby/gems/2.2.0/gems/web-console-2.3.0/lib/web_console/templates/main.js.erb within layouts/javascript (2.7ms)
  Rendered /home/viji/.rbenv/versions/2.2.3/lib/ruby/gems/2.2.0/gems/web-console-2.3.0/lib/web_console/templates/error_page.js.erb within layouts/javascript (4.7ms)
  Rendered /home/viji/.rbenv/versions/2.2.3/lib/ruby/gems/2.2.0/gems/web-console-2.3.0/lib/web_console/templates/index.html.erb (162.1ms)


Started GET "/posts" for 127.0.0.1 at 2016-04-28 09:10:35 -0700
Processing by PostsController#index as HTML
Completed 500 Internal Server Error in 18ms (ActiveRecord: 3.2ms)

NoMethodError (undefined method `attr_accessible' for #<Class:0x007ffb422d88a0>):
  app/models/post.rb:2:in `<class:Post>'
  app/models/post.rb:1:in `<top (required)>'
  app/controllers/posts_controller.rb:8:in `index'


  Rendered /home/viji/.rbenv/versions/2.2.3/lib/ruby/gems/2.2.0/gems/actionpack-4.2.6/lib/action_dispatch/middleware/templates/rescues/_source.erb (9.8ms)
  Rendered /home/viji/.rbenv/versions/2.2.3/lib/ruby/gems/2.2.0/gems/actionpack-4.2.6/lib/action_dispatch/middleware/templates/rescues/_trace.html.erb (13.2ms)
  Rendered /home/viji/.rbenv/versions/2.2.3/lib/ruby/gems/2.2.0/gems/actionpack-4.2.6/lib/action_dispatch/middleware/templates/rescues/_request_and_response.html.erb (12.0ms)
  Rendered /home/viji/.rbenv/versions/2.2.3/lib/ruby/gems/2.2.0/gems/actionpack-4.2.6/lib/action_dispatch/middleware/templates/rescues/diagnostics.html.erb within rescues/layout (75.7ms)
  Rendered /home/viji/.rbenv/versions/2.2.3/lib/ruby/gems/2.2.0/gems/web-console-2.3.0/lib/web_console/templates/_markup.html.erb (1.7ms)
  Rendered /home/viji/.rbenv/versions/2.2.3/lib/ruby/gems/2.2.0/gems/web-console-2.3.0/lib/web_console/templates/_inner_console_markup.html.erb within layouts/inlined_string (2.2ms)
  Rendered /home/viji/.rbenv/versions/2.2.3/lib/ruby/gems/2.2.0/gems/web-console-2.3.0/lib/web_console/templates/_prompt_box_markup.html.erb within layouts/inlined_string (0.7ms)
  Rendered /home/viji/.rbenv/versions/2.2.3/lib/ruby/gems/2.2.0/gems/web-console-2.3.0/lib/web_console/templates/style.css.erb within layouts/inlined_string (0.9ms)
  Rendered /home/viji/.rbenv/versions/2.2.3/lib/ruby/gems/2.2.0/gems/web-console-2.3.0/lib/web_console/templates/console.js.erb within layouts/javascript (88.2ms)
  Rendered /home/viji/.rbenv/versions/2.2.3/lib/ruby/gems/2.2.0/gems/web-console-2.3.0/lib/web_console/templates/main.js.erb within layouts/javascript (1.5ms)
  Rendered /home/viji/.rbenv/versions/2.2.3/lib/ruby/gems/2.2.0/gems/web-console-2.3.0/lib/web_console/templates/error_page.js.erb within layouts/javascript (1.0ms)
  Rendered /home/viji/.rbenv/versions/2.2.3/lib/ruby/gems/2.2.0/gems/web-console-2.3.0/lib/web_console/templates/index.html.erb (180.3ms)


Started GET "/posts" for 127.0.0.1 at 2016-04-28 09:11:54 -0700
Processing by PostsController#index as HTML
  [1m[36mPost Load (0.5ms)[0m  [1mSELECT "posts".* FROM "posts"[0m
  Rendered posts/_post.html.erb (75.1ms)
  Rendered posts/index.html.erb within layouts/application (97.4ms)
Completed 200 OK in 196ms (Views: 182.3ms | ActiveRecord: 1.6ms)


Started GET "/assets/posts.self-e3b0c44298fc1c149afbf4c8996fb92427ae41e4649b934ca495991b7852b855.css?body=1" for 127.0.0.1 at 2016-04-28 09:11:55 -0700


Started GET "/assets/application.self-e80e8f2318043e8af94dddc2adad5a4f09739a8ebb323b3ab31cd71d45fd9113.css?body=1" for 127.0.0.1 at 2016-04-28 09:11:55 -0700


Started GET "/assets/jquery.self-660adc51e0224b731d29f575a6f1ec167ba08ad06ed5deca4f1e8654c135bf4c.js?body=1" for 127.0.0.1 at 2016-04-28 09:11:55 -0700


Started GET "/assets/scaffolds.self-c816b7709dfec573feeb8a3fb2176daf14dd133c9337fc8d696cf66fbbe602e8.css?body=1" for 127.0.0.1 at 2016-04-28 09:11:55 -0700


Started GET "/assets/jquery_ujs.self-e87806d0cf4489aeb1bb7288016024e8de67fd18db693fe026fe3907581e53cd.js?body=1" for 127.0.0.1 at 2016-04-28 09:11:55 -0700


Started GET "/assets/turbolinks.self-c37727e9bd6b2735da5c311aa83fead54ed0be6cc8bd9a65309e9c5abe2cbfff.js?body=1" for 127.0.0.1 at 2016-04-28 09:11:55 -0700


Started GET "/assets/posts.self-877aef30ae1b040ab8a3aba4e3e309a11d7f2612f44dde450b5c157aa5f95c05.js?body=1" for 127.0.0.1 at 2016-04-28 09:11:55 -0700


Started GET "/assets/application.self-3b8dabdc891efe46b9a144b400ad69e37d7e5876bdc39dee783419a69d7ca819.js?body=1" for 127.0.0.1 at 2016-04-28 09:11:55 -0700


Started GET "/posts/new" for 127.0.0.1 at 2016-04-28 09:12:13 -0700
Processing by PostsController#new as HTML
Filter chain halted as :authenticate rendered or redirected
Completed 401 Unauthorized in 4ms (ActiveRecord: 0.0ms)


Started GET "/posts/new" for 127.0.0.1 at 2016-04-28 09:12:23 -0700
Processing by PostsController#new as HTML
  Rendered posts/_form.html.erb (8.1ms)
  Rendered posts/new.html.erb within layouts/application (9.8ms)
Completed 200 OK in 69ms (Views: 68.3ms | ActiveRecord: 0.0ms)


Started POST "/posts" for 127.0.0.1 at 2016-04-28 09:12:44 -0700
Processing by PostsController#create as HTML
  Parameters: {"utf8"=>"✓", "authenticity_token"=>"u1oE7Ph3XSqLJSleCLLbr6YOyFyoN0Ib2uHtZ1QU/hGQqolL1vWiDpUggOn1W8xzFmR9xsrfLzA9anSw+lhPxg==", "post"=>{"title"=>"My first post", "body"=>"This is my first blog post..."}, "commit"=>"Create Post"}
Filter chain halted as :authenticate rendered or redirected
Completed 401 Unauthorized in 6ms (ActiveRecord: 0.0ms)


Started POST "/posts" for 127.0.0.1 at 2016-04-28 09:12:44 -0700
Processing by PostsController#create as HTML
  Parameters: {"utf8"=>"✓", "authenticity_token"=>"u1oE7Ph3XSqLJSleCLLbr6YOyFyoN0Ib2uHtZ1QU/hGQqolL1vWiDpUggOn1W8xzFmR9xsrfLzA9anSw+lhPxg==", "post"=>{"title"=>"My first post", "body"=>"This is my first blog post..."}, "commit"=>"Create Post"}
  [1m[35m (0.2ms)[0m  begin transaction
  [1m[36mSQL (0.5ms)[0m  [1mINSERT INTO "posts" ("title", "body", "created_at", "updated_at") VALUES (?, ?, ?, ?)[0m  [["title", "My first post"], ["body", "This is my first blog post..."], ["created_at", "2016-04-28 16:12:44.474580"], ["updated_at", "2016-04-28 16:12:44.474580"]]
  [1m[35m (4.9ms)[0m  commit transaction
Redirected to http://localhost:3000/posts/2
Completed 302 Found in 16ms (ActiveRecord: 5.6ms)


Started GET "/posts/2" for 127.0.0.1 at 2016-04-28 09:12:44 -0700
Processing by PostsController#show as HTML
  Parameters: {"id"=>"2"}
  [1m[36mPost Load (6.7ms)[0m  [1mSELECT  "posts".* FROM "posts" WHERE "posts"."id" = ? LIMIT 1[0m  [["id", 2]]
  Rendered posts/_post.html.erb (1.9ms)
  Rendered posts/show.html.erb within layouts/application (9.6ms)
Completed 200 OK in 79ms (Views: 68.1ms | ActiveRecord: 6.7ms)


Started GET "/assets/posts.self-e3b0c44298fc1c149afbf4c8996fb92427ae41e4649b934ca495991b7852b855.css?body=1" for 127.0.0.1 at 2016-04-28 09:12:44 -0700


Started GET "/assets/scaffolds.self-c816b7709dfec573feeb8a3fb2176daf14dd133c9337fc8d696cf66fbbe602e8.css?body=1" for 127.0.0.1 at 2016-04-28 09:12:44 -0700


Started GET "/assets/application.self-e80e8f2318043e8af94dddc2adad5a4f09739a8ebb323b3ab31cd71d45fd9113.css?body=1" for 127.0.0.1 at 2016-04-28 09:12:44 -0700


Started GET "/assets/jquery.self-660adc51e0224b731d29f575a6f1ec167ba08ad06ed5deca4f1e8654c135bf4c.js?body=1" for 127.0.0.1 at 2016-04-28 09:12:44 -0700


Started GET "/assets/jquery_ujs.self-e87806d0cf4489aeb1bb7288016024e8de67fd18db693fe026fe3907581e53cd.js?body=1" for 127.0.0.1 at 2016-04-28 09:12:44 -0700


Started GET "/assets/turbolinks.self-c37727e9bd6b2735da5c311aa83fead54ed0be6cc8bd9a65309e9c5abe2cbfff.js?body=1" for 127.0.0.1 at 2016-04-28 09:12:44 -0700


Started GET "/assets/application.self-3b8dabdc891efe46b9a144b400ad69e37d7e5876bdc39dee783419a69d7ca819.js?body=1" for 127.0.0.1 at 2016-04-28 09:12:44 -0700


Started GET "/assets/posts.self-877aef30ae1b040ab8a3aba4e3e309a11d7f2612f44dde450b5c157aa5f95c05.js?body=1" for 127.0.0.1 at 2016-04-28 09:12:44 -0700
  [1m[36mActiveRecord::SchemaMigration Load (0.2ms)[0m  [1mSELECT "schema_migrations".* FROM "schema_migrations"[0m
Migrating to CreateComments (20160428161335)
  [1m[35m (0.1ms)[0m  begin transaction
  [1m[36m (0.4ms)[0m  [1mCREATE TABLE "comments" ("id" INTEGER PRIMARY KEY AUTOINCREMENT NOT NULL, "post_id" integer, "body" text, "created_at" datetime NOT NULL, "updated_at" datetime NOT NULL) [0m
  [1m[35m (0.1ms)[0m  select sqlite_version(*)
  [1m[36m (0.2ms)[0m  [1mCREATE  INDEX "index_comments_on_post_id" ON "comments" ("post_id")[0m
  [1m[35mSQL (0.2ms)[0m  INSERT INTO "schema_migrations" ("version") VALUES (?)  [["version", "20160428161335"]]
  [1m[36m (10.7ms)[0m  [1mcommit transaction[0m
  [1m[35mActiveRecord::SchemaMigration Load (0.1ms)[0m  SELECT "schema_migrations".* FROM "schema_migrations"
  [1m[36m (0.2ms)[0m  [1m            SELECT sql
            FROM sqlite_master
            WHERE name='index_comments_on_post_id' AND type='index'
            UNION ALL
            SELECT sql
            FROM sqlite_temp_master
            WHERE name='index_comments_on_post_id' AND type='index'
[0m


Started GET "/" for 127.0.0.1 at 2016-04-28 09:23:10 -0700
  [1m[36mActiveRecord::SchemaMigration Load (0.3ms)[0m  [1mSELECT "schema_migrations".* FROM "schema_migrations"[0m
Processing by Rails::WelcomeController#index as HTML
  Rendered /home/viji/.rbenv/versions/2.2.3/lib/ruby/gems/2.2.0/gems/railties-4.2.6/lib/rails/templates/rails/welcome/index.html.erb (3.1ms)
Completed 200 OK in 236ms (Views: 187.4ms | ActiveRecord: 0.0ms)


Started GET "/posts/2" for 127.0.0.1 at 2016-04-28 09:23:13 -0700
Processing by PostsController#show as HTML
  Parameters: {"id"=>"2"}
  [1m[35mPost Load (0.3ms)[0m  SELECT  "posts".* FROM "posts" WHERE "posts"."id" = ? LIMIT 1  [["id", 2]]
  Rendered posts/_post.html.erb (3.2ms)
  [1m[36mComment Load (0.3ms)[0m  [1mSELECT "comments".* FROM "comments" WHERE "comments"."post_id" = ?[0m  [["post_id", 2]]
  Rendered collection (0.0ms)
  Rendered posts/show.html.erb within layouts/application (232.5ms)
Completed 500 Internal Server Error in 375ms (ActiveRecord: 2.8ms)

ActionView::Template::Error (undefined method `post_comments_path' for #<#<Class:0x0055f2662f6ee0>:0x0055f2662eac08>):
    10:          <%= render :partial => @post.comments %>
    11:  </div>
    12: 
    13: <%= form_for [@post, Comment.new] do |f| %>
    14:         <p>
    15:                 <%= f.label :body, "New comment" %><br/>
    16:                 <%= f.text_area :body %>
  app/views/posts/show.html.erb:13:in `_app_views_posts_show_html_erb___2631908530718700850_47249792387980'


  Rendered /home/viji/.rbenv/versions/2.2.3/lib/ruby/gems/2.2.0/gems/actionpack-4.2.6/lib/action_dispatch/middleware/templates/rescues/_source.erb (10.9ms)
  Rendered /home/viji/.rbenv/versions/2.2.3/lib/ruby/gems/2.2.0/gems/actionpack-4.2.6/lib/action_dispatch/middleware/templates/rescues/_trace.html.erb (11.6ms)
  Rendered /home/viji/.rbenv/versions/2.2.3/lib/ruby/gems/2.2.0/gems/actionpack-4.2.6/lib/action_dispatch/middleware/templates/rescues/_request_and_response.html.erb (2.7ms)
  Rendered /home/viji/.rbenv/versions/2.2.3/lib/ruby/gems/2.2.0/gems/actionpack-4.2.6/lib/action_dispatch/middleware/templates/rescues/template_error.html.erb within rescues/layout (60.0ms)
  Rendered /home/viji/.rbenv/versions/2.2.3/lib/ruby/gems/2.2.0/gems/web-console-2.3.0/lib/web_console/templates/_markup.html.erb (0.6ms)
  Rendered /home/viji/.rbenv/versions/2.2.3/lib/ruby/gems/2.2.0/gems/web-console-2.3.0/lib/web_console/templates/_inner_console_markup.html.erb within layouts/inlined_string (0.7ms)
  Rendered /home/viji/.rbenv/versions/2.2.3/lib/ruby/gems/2.2.0/gems/web-console-2.3.0/lib/web_console/templates/_prompt_box_markup.html.erb within layouts/inlined_string (0.5ms)
  Rendered /home/viji/.rbenv/versions/2.2.3/lib/ruby/gems/2.2.0/gems/web-console-2.3.0/lib/web_console/templates/style.css.erb within layouts/inlined_string (0.5ms)
  Rendered /home/viji/.rbenv/versions/2.2.3/lib/ruby/gems/2.2.0/gems/web-console-2.3.0/lib/web_console/templates/console.js.erb within layouts/javascript (189.0ms)
  Rendered /home/viji/.rbenv/versions/2.2.3/lib/ruby/gems/2.2.0/gems/web-console-2.3.0/lib/web_console/templates/main.js.erb within layouts/javascript (0.5ms)
  Rendered /home/viji/.rbenv/versions/2.2.3/lib/ruby/gems/2.2.0/gems/web-console-2.3.0/lib/web_console/templates/error_page.js.erb within layouts/javascript (0.8ms)
  Rendered /home/viji/.rbenv/versions/2.2.3/lib/ruby/gems/2.2.0/gems/web-console-2.3.0/lib/web_console/templates/index.html.erb (234.2ms)


Started GET "/posts/2" for 127.0.0.1 at 2016-04-28 09:29:25 -0700
Processing by PostsController#show as HTML
  Parameters: {"id"=>"2"}
  [1m[35mPost Load (0.5ms)[0m  SELECT  "posts".* FROM "posts" WHERE "posts"."id" = ? LIMIT 1  [["id", 2]]
  Rendered posts/_post.html.erb (79.2ms)
  [1m[36mComment Load (0.3ms)[0m  [1mSELECT "comments".* FROM "comments" WHERE "comments"."post_id" = ?[0m  [["post_id", 2]]
  Rendered collection (0.0ms)
  Rendered posts/show.html.erb within layouts/application (207.6ms)
Completed 500 Internal Server Error in 291ms (ActiveRecord: 16.0ms)

ActionView::Template::Error (undefined method `post_comments_path' for #<#<Class:0x0055f264ed5948>:0x0055f264eb3190>):
    10:          <%= render :partial => @post.comments %>
    11:  </div>
    12: 
    13: <%= form_for [@post, Comment.new] do |f| %>
    14:         <p>
    15:                 <%= f.label :body, "New comment" %><br/>
    16:                 <%= f.text_area :body %>
  app/views/posts/show.html.erb:13:in `_app_views_posts_show_html_erb___2631908530718700850_47249792387980'


  Rendered /home/viji/.rbenv/versions/2.2.3/lib/ruby/gems/2.2.0/gems/actionpack-4.2.6/lib/action_dispatch/middleware/templates/rescues/_source.erb (13.0ms)
  Rendered /home/viji/.rbenv/versions/2.2.3/lib/ruby/gems/2.2.0/gems/actionpack-4.2.6/lib/action_dispatch/middleware/templates/rescues/_trace.html.erb (11.2ms)
  Rendered /home/viji/.rbenv/versions/2.2.3/lib/ruby/gems/2.2.0/gems/actionpack-4.2.6/lib/action_dispatch/middleware/templates/rescues/_request_and_response.html.erb (1.8ms)
  Rendered /home/viji/.rbenv/versions/2.2.3/lib/ruby/gems/2.2.0/gems/actionpack-4.2.6/lib/action_dispatch/middleware/templates/rescues/template_error.html.erb within rescues/layout (70.2ms)
  Rendered /home/viji/.rbenv/versions/2.2.3/lib/ruby/gems/2.2.0/gems/web-console-2.3.0/lib/web_console/templates/_markup.html.erb (0.8ms)
  Rendered /home/viji/.rbenv/versions/2.2.3/lib/ruby/gems/2.2.0/gems/web-console-2.3.0/lib/web_console/templates/_inner_console_markup.html.erb within layouts/inlined_string (0.6ms)
  Rendered /home/viji/.rbenv/versions/2.2.3/lib/ruby/gems/2.2.0/gems/web-console-2.3.0/lib/web_console/templates/_prompt_box_markup.html.erb within layouts/inlined_string (0.6ms)
  Rendered /home/viji/.rbenv/versions/2.2.3/lib/ruby/gems/2.2.0/gems/web-console-2.3.0/lib/web_console/templates/style.css.erb within layouts/inlined_string (0.7ms)
  Rendered /home/viji/.rbenv/versions/2.2.3/lib/ruby/gems/2.2.0/gems/web-console-2.3.0/lib/web_console/templates/console.js.erb within layouts/javascript (58.0ms)
  Rendered /home/viji/.rbenv/versions/2.2.3/lib/ruby/gems/2.2.0/gems/web-console-2.3.0/lib/web_console/templates/main.js.erb within layouts/javascript (2.9ms)
  Rendered /home/viji/.rbenv/versions/2.2.3/lib/ruby/gems/2.2.0/gems/web-console-2.3.0/lib/web_console/templates/error_page.js.erb within layouts/javascript (0.7ms)
  Rendered /home/viji/.rbenv/versions/2.2.3/lib/ruby/gems/2.2.0/gems/web-console-2.3.0/lib/web_console/templates/index.html.erb (157.1ms)


Started POST "/posts" for 127.0.0.1 at 2016-04-28 09:29:32 -0700
Processing by PostsController#create as HTML
  Parameters: {"utf8"=>"✓", "authenticity_token"=>"u1oE7Ph3XSqLJSleCLLbr6YOyFyoN0Ib2uHtZ1QU/hGQqolL1vWiDpUggOn1W8xzFmR9xsrfLzA9anSw+lhPxg==", "post"=>{"title"=>"My first post", "body"=>"This is my first blog post..."}, "commit"=>"Create Post"}
  [1m[35m (0.2ms)[0m  begin transaction
  [1m[36mSQL (19.1ms)[0m  [1mINSERT INTO "posts" ("title", "body", "created_at", "updated_at") VALUES (?, ?, ?, ?)[0m  [["title", "My first post"], ["body", "This is my first blog post..."], ["created_at", "2016-04-28 16:29:32.597000"], ["updated_at", "2016-04-28 16:29:32.597000"]]
  [1m[35m (3.7ms)[0m  commit transaction
Redirected to http://localhost:3000/posts/3
Completed 302 Found in 93ms (ActiveRecord: 23.0ms)


Started GET "/posts/3" for 127.0.0.1 at 2016-04-28 09:29:32 -0700
Processing by PostsController#show as HTML
  Parameters: {"id"=>"3"}
  [1m[36mPost Load (0.2ms)[0m  [1mSELECT  "posts".* FROM "posts" WHERE "posts"."id" = ? LIMIT 1[0m  [["id", 3]]
  Rendered posts/_post.html.erb (7.6ms)
  [1m[35mComment Load (0.2ms)[0m  SELECT "comments".* FROM "comments" WHERE "comments"."post_id" = ?  [["post_id", 3]]
  Rendered collection (0.0ms)
  Rendered posts/show.html.erb within layouts/application (64.7ms)
Completed 500 Internal Server Error in 69ms (ActiveRecord: 0.4ms)

ActionView::Template::Error (undefined method `post_comments_path' for #<#<Class:0x0055f264ed5948>:0x0055f263bfbca0>):
    10:          <%= render :partial => @post.comments %>
    11:  </div>
    12: 
    13: <%= form_for [@post, Comment.new] do |f| %>
    14:         <p>
    15:                 <%= f.label :body, "New comment" %><br/>
    16:                 <%= f.text_area :body %>
  app/views/posts/show.html.erb:13:in `_app_views_posts_show_html_erb___2631908530718700850_47249792387980'


  Rendered /home/viji/.rbenv/versions/2.2.3/lib/ruby/gems/2.2.0/gems/actionpack-4.2.6/lib/action_dispatch/middleware/templates/rescues/_source.erb (19.8ms)
  Rendered /home/viji/.rbenv/versions/2.2.3/lib/ruby/gems/2.2.0/gems/actionpack-4.2.6/lib/action_dispatch/middleware/templates/rescues/_trace.html.erb (12.6ms)
  Rendered /home/viji/.rbenv/versions/2.2.3/lib/ruby/gems/2.2.0/gems/actionpack-4.2.6/lib/action_dispatch/middleware/templates/rescues/_request_and_response.html.erb (5.0ms)
  Rendered /home/viji/.rbenv/versions/2.2.3/lib/ruby/gems/2.2.0/gems/actionpack-4.2.6/lib/action_dispatch/middleware/templates/rescues/template_error.html.erb within rescues/layout (67.9ms)
  Rendered /home/viji/.rbenv/versions/2.2.3/lib/ruby/gems/2.2.0/gems/web-console-2.3.0/lib/web_console/templates/_markup.html.erb (0.7ms)
  Rendered /home/viji/.rbenv/versions/2.2.3/lib/ruby/gems/2.2.0/gems/web-console-2.3.0/lib/web_console/templates/_inner_console_markup.html.erb within layouts/inlined_string (1.8ms)
  Rendered /home/viji/.rbenv/versions/2.2.3/lib/ruby/gems/2.2.0/gems/web-console-2.3.0/lib/web_console/templates/_prompt_box_markup.html.erb within layouts/inlined_string (0.5ms)
  Rendered /home/viji/.rbenv/versions/2.2.3/lib/ruby/gems/2.2.0/gems/web-console-2.3.0/lib/web_console/templates/style.css.erb within layouts/inlined_string (0.5ms)
  Rendered /home/viji/.rbenv/versions/2.2.3/lib/ruby/gems/2.2.0/gems/web-console-2.3.0/lib/web_console/templates/console.js.erb within layouts/javascript (77.6ms)
  Rendered /home/viji/.rbenv/versions/2.2.3/lib/ruby/gems/2.2.0/gems/web-console-2.3.0/lib/web_console/templates/main.js.erb within layouts/javascript (0.8ms)
  Rendered /home/viji/.rbenv/versions/2.2.3/lib/ruby/gems/2.2.0/gems/web-console-2.3.0/lib/web_console/templates/error_page.js.erb within layouts/javascript (0.6ms)
  Rendered /home/viji/.rbenv/versions/2.2.3/lib/ruby/gems/2.2.0/gems/web-console-2.3.0/lib/web_console/templates/index.html.erb (136.0ms)


Started GET "/posts" for 127.0.0.1 at 2016-04-28 09:33:58 -0700
Processing by PostsController#index as HTML
Completed 500 Internal Server Error in 9ms (ActiveRecord: 0.7ms)

NoMethodError (undefined method `attr_accessible' for #<Class:0x007f95b04db668>):
  app/models/post.rb:2:in `<class:Post>'
  app/models/post.rb:1:in `<top (required)>'
  app/controllers/posts_controller.rb:8:in `index'


  Rendered /home/viji/.rbenv/versions/2.2.3/lib/ruby/gems/2.2.0/gems/actionpack-4.2.6/lib/action_dispatch/middleware/templates/rescues/_source.erb (9.0ms)
  Rendered /home/viji/.rbenv/versions/2.2.3/lib/ruby/gems/2.2.0/gems/actionpack-4.2.6/lib/action_dispatch/middleware/templates/rescues/_trace.html.erb (14.5ms)
  Rendered /home/viji/.rbenv/versions/2.2.3/lib/ruby/gems/2.2.0/gems/actionpack-4.2.6/lib/action_dispatch/middleware/templates/rescues/_request_and_response.html.erb (6.5ms)
  Rendered /home/viji/.rbenv/versions/2.2.3/lib/ruby/gems/2.2.0/gems/actionpack-4.2.6/lib/action_dispatch/middleware/templates/rescues/diagnostics.html.erb within rescues/layout (76.5ms)
  Rendered /home/viji/.rbenv/versions/2.2.3/lib/ruby/gems/2.2.0/gems/web-console-2.3.0/lib/web_console/templates/_markup.html.erb (2.8ms)
  Rendered /home/viji/.rbenv/versions/2.2.3/lib/ruby/gems/2.2.0/gems/web-console-2.3.0/lib/web_console/templates/_inner_console_markup.html.erb within layouts/inlined_string (4.8ms)
  Rendered /home/viji/.rbenv/versions/2.2.3/lib/ruby/gems/2.2.0/gems/web-console-2.3.0/lib/web_console/templates/_prompt_box_markup.html.erb within layouts/inlined_string (0.8ms)
  Rendered /home/viji/.rbenv/versions/2.2.3/lib/ruby/gems/2.2.0/gems/web-console-2.3.0/lib/web_console/templates/style.css.erb within layouts/inlined_string (1.9ms)
  Rendered /home/viji/.rbenv/versions/2.2.3/lib/ruby/gems/2.2.0/gems/web-console-2.3.0/lib/web_console/templates/console.js.erb within layouts/javascript (74.3ms)
  Rendered /home/viji/.rbenv/versions/2.2.3/lib/ruby/gems/2.2.0/gems/web-console-2.3.0/lib/web_console/templates/main.js.erb within layouts/javascript (0.6ms)
  Rendered /home/viji/.rbenv/versions/2.2.3/lib/ruby/gems/2.2.0/gems/web-console-2.3.0/lib/web_console/templates/error_page.js.erb within layouts/javascript (0.8ms)
  Rendered /home/viji/.rbenv/versions/2.2.3/lib/ruby/gems/2.2.0/gems/web-console-2.3.0/lib/web_console/templates/index.html.erb (148.9ms)


Started GET "/posts" for 127.0.0.1 at 2016-04-28 09:34:18 -0700
Processing by PostsController#index as HTML
  [1m[36mPost Load (0.5ms)[0m  [1mSELECT "posts".* FROM "posts"[0m
  Rendered posts/_post.html.erb (10.9ms)
  Rendered posts/index.html.erb within layouts/application (46.5ms)
Completed 200 OK in 1796ms (Views: 1788.5ms | ActiveRecord: 1.2ms)


Started GET "/assets/comments.self-e3b0c44298fc1c149afbf4c8996fb92427ae41e4649b934ca495991b7852b855.css?body=1" for 127.0.0.1 at 2016-04-28 09:34:20 -0700


Started GET "/assets/posts.self-e3b0c44298fc1c149afbf4c8996fb92427ae41e4649b934ca495991b7852b855.css?body=1" for 127.0.0.1 at 2016-04-28 09:34:20 -0700


Started GET "/assets/scaffolds.self-c816b7709dfec573feeb8a3fb2176daf14dd133c9337fc8d696cf66fbbe602e8.css?body=1" for 127.0.0.1 at 2016-04-28 09:34:20 -0700


Started GET "/assets/application.self-e80e8f2318043e8af94dddc2adad5a4f09739a8ebb323b3ab31cd71d45fd9113.css?body=1" for 127.0.0.1 at 2016-04-28 09:34:20 -0700


Started GET "/assets/jquery_ujs.self-e87806d0cf4489aeb1bb7288016024e8de67fd18db693fe026fe3907581e53cd.js?body=1" for 127.0.0.1 at 2016-04-28 09:34:20 -0700


Started GET "/assets/turbolinks.self-c37727e9bd6b2735da5c311aa83fead54ed0be6cc8bd9a65309e9c5abe2cbfff.js?body=1" for 127.0.0.1 at 2016-04-28 09:34:20 -0700


Started GET "/assets/jquery.self-660adc51e0224b731d29f575a6f1ec167ba08ad06ed5deca4f1e8654c135bf4c.js?body=1" for 127.0.0.1 at 2016-04-28 09:34:20 -0700


Started GET "/assets/posts.self-877aef30ae1b040ab8a3aba4e3e309a11d7f2612f44dde450b5c157aa5f95c05.js?body=1" for 127.0.0.1 at 2016-04-28 09:34:20 -0700


Started GET "/assets/comments.self-877aef30ae1b040ab8a3aba4e3e309a11d7f2612f44dde450b5c157aa5f95c05.js?body=1" for 127.0.0.1 at 2016-04-28 09:34:20 -0700


Started GET "/assets/application.self-3b8dabdc891efe46b9a144b400ad69e37d7e5876bdc39dee783419a69d7ca819.js?body=1" for 127.0.0.1 at 2016-04-28 09:34:20 -0700


Started GET "/posts/new" for 127.0.0.1 at 2016-04-28 09:34:28 -0700
Processing by PostsController#new as HTML
  Rendered posts/_form.html.erb (342.1ms)
  Rendered posts/new.html.erb within layouts/application (345.0ms)
Completed 200 OK in 424ms (Views: 421.5ms | ActiveRecord: 0.0ms)


Started POST "/posts" for 127.0.0.1 at 2016-04-28 09:34:58 -0700
Processing by PostsController#create as HTML
  Parameters: {"utf8"=>"✓", "authenticity_token"=>"8OK1WxEfXVCKYC0cRCfg42Y1RpVUlsz13bI4dowq4KLbEjj8P52idJRlhKu5zvc/1l/zDzZ+od46OaGhImZRdQ==", "post"=>{"title"=>"Second post", "body"=>"hiiiiii"}, "commit"=>"Create Post"}
  [1m[35m (0.1ms)[0m  begin transaction
  [1m[36mSQL (111.9ms)[0m  [1mINSERT INTO "posts" ("title", "body", "created_at", "updated_at") VALUES (?, ?, ?, ?)[0m  [["title", "Second post"], ["body", "hiiiiii"], ["created_at", "2016-04-28 16:34:58.483500"], ["updated_at", "2016-04-28 16:34:58.483500"]]
  [1m[35m (4.4ms)[0m  commit transaction
Redirected to http://localhost:3000/posts/4
Completed 302 Found in 135ms (ActiveRecord: 116.5ms)


Started GET "/posts/4" for 127.0.0.1 at 2016-04-28 09:34:58 -0700
Processing by PostsController#show as HTML
  Parameters: {"id"=>"4"}
  [1m[36mPost Load (1.8ms)[0m  [1mSELECT  "posts".* FROM "posts" WHERE "posts"."id" = ? LIMIT 1[0m  [["id", 4]]
  Rendered posts/_post.html.erb (3.3ms)
  [1m[35mComment Load (0.3ms)[0m  SELECT "comments".* FROM "comments" WHERE "comments"."post_id" = ?  [["post_id", 4]]
  Rendered collection (0.0ms)
  Rendered posts/show.html.erb within layouts/application (122.6ms)
Completed 500 Internal Server Error in 135ms (ActiveRecord: 2.8ms)

ActionView::Template::Error (undefined method `post_comments_path' for #<#<Class:0x0055f263ce53c8>:0x007f95b1c88680>):
    10:          <%= render :partial => @post.comments %>
    11:  </div>
    12: 
    13: <%= form_for [@post, Comment.new] do |f| %>
    14:         <p>
    15:                 <%= f.label :body, "New comment" %><br/>
    16:                 <%= f.text_area :body %>
  app/views/posts/show.html.erb:13:in `_app_views_posts_show_html_erb___2631908530718700850_47249792387980'


  Rendered /home/viji/.rbenv/versions/2.2.3/lib/ruby/gems/2.2.0/gems/actionpack-4.2.6/lib/action_dispatch/middleware/templates/rescues/_source.erb (14.8ms)
  Rendered /home/viji/.rbenv/versions/2.2.3/lib/ruby/gems/2.2.0/gems/actionpack-4.2.6/lib/action_dispatch/middleware/templates/rescues/_trace.html.erb (10.9ms)
  Rendered /home/viji/.rbenv/versions/2.2.3/lib/ruby/gems/2.2.0/gems/actionpack-4.2.6/lib/action_dispatch/middleware/templates/rescues/_request_and_response.html.erb (13.2ms)
  Rendered /home/viji/.rbenv/versions/2.2.3/lib/ruby/gems/2.2.0/gems/actionpack-4.2.6/lib/action_dispatch/middleware/templates/rescues/template_error.html.erb within rescues/layout (66.3ms)
  Rendered /home/viji/.rbenv/versions/2.2.3/lib/ruby/gems/2.2.0/gems/web-console-2.3.0/lib/web_console/templates/_markup.html.erb (1.3ms)
  Rendered /home/viji/.rbenv/versions/2.2.3/lib/ruby/gems/2.2.0/gems/web-console-2.3.0/lib/web_console/templates/_inner_console_markup.html.erb within layouts/inlined_string (5.8ms)
  Rendered /home/viji/.rbenv/versions/2.2.3/lib/ruby/gems/2.2.0/gems/web-console-2.3.0/lib/web_console/templates/_prompt_box_markup.html.erb within layouts/inlined_string (1.6ms)
  Rendered /home/viji/.rbenv/versions/2.2.3/lib/ruby/gems/2.2.0/gems/web-console-2.3.0/lib/web_console/templates/style.css.erb within layouts/inlined_string (0.9ms)
  Rendered /home/viji/.rbenv/versions/2.2.3/lib/ruby/gems/2.2.0/gems/web-console-2.3.0/lib/web_console/templates/console.js.erb within layouts/javascript (66.2ms)
  Rendered /home/viji/.rbenv/versions/2.2.3/lib/ruby/gems/2.2.0/gems/web-console-2.3.0/lib/web_console/templates/main.js.erb within layouts/javascript (0.5ms)
  Rendered /home/viji/.rbenv/versions/2.2.3/lib/ruby/gems/2.2.0/gems/web-console-2.3.0/lib/web_console/templates/error_page.js.erb within layouts/javascript (0.7ms)
  Rendered /home/viji/.rbenv/versions/2.2.3/lib/ruby/gems/2.2.0/gems/web-console-2.3.0/lib/web_console/templates/index.html.erb (129.7ms)


Started GET "/posts/4" for 127.0.0.1 at 2016-04-28 09:38:24 -0700
Processing by PostsController#show as HTML
  Parameters: {"id"=>"4"}
  [1m[36mPost Load (2.9ms)[0m  [1mSELECT  "posts".* FROM "posts" WHERE "posts"."id" = ? LIMIT 1[0m  [["id", 4]]
  [1m[35mCACHE (0.0ms)[0m  SELECT  "posts".* FROM "posts" WHERE "posts"."id" = ? LIMIT 1  [["id", "4"]]
  Rendered posts/_post.html.erb (1.8ms)
  [1m[36mComment Load (0.2ms)[0m  [1mSELECT "comments".* FROM "comments" WHERE "comments"."post_id" = ?[0m  [["post_id", 4]]
  Rendered collection (0.0ms)
  Rendered posts/show.html.erb within layouts/application (59.3ms)
Completed 500 Internal Server Error in 111ms (ActiveRecord: 6.2ms)

ActionView::Template::Error (undefined method `post_comments_path' for #<#<Class:0x007f95b338a6d0>:0x007f95b265e920>):
    10:          <%= render :partial => @post.comments %>
    11:  </div>
    12: 
    13: <%= form_for [@post, Comment.new] do |f| %>
    14:         <p>
    15:                 <%= f.label :body, "New comment" %><br/>
    16:                 <%= f.text_area :body %>
  app/views/posts/show.html.erb:13:in `_app_views_posts_show_html_erb___2631908530718700850_47249792387980'


  Rendered /home/viji/.rbenv/versions/2.2.3/lib/ruby/gems/2.2.0/gems/actionpack-4.2.6/lib/action_dispatch/middleware/templates/rescues/_source.erb (20.9ms)
  Rendered /home/viji/.rbenv/versions/2.2.3/lib/ruby/gems/2.2.0/gems/actionpack-4.2.6/lib/action_dispatch/middleware/templates/rescues/_trace.html.erb (12.9ms)
  Rendered /home/viji/.rbenv/versions/2.2.3/lib/ruby/gems/2.2.0/gems/actionpack-4.2.6/lib/action_dispatch/middleware/templates/rescues/_request_and_response.html.erb (5.3ms)
  Rendered /home/viji/.rbenv/versions/2.2.3/lib/ruby/gems/2.2.0/gems/actionpack-4.2.6/lib/action_dispatch/middleware/templates/rescues/template_error.html.erb within rescues/layout (77.9ms)
  Rendered /home/viji/.rbenv/versions/2.2.3/lib/ruby/gems/2.2.0/gems/web-console-2.3.0/lib/web_console/templates/_markup.html.erb (0.7ms)
  Rendered /home/viji/.rbenv/versions/2.2.3/lib/ruby/gems/2.2.0/gems/web-console-2.3.0/lib/web_console/templates/_inner_console_markup.html.erb within layouts/inlined_string (5.0ms)
  Rendered /home/viji/.rbenv/versions/2.2.3/lib/ruby/gems/2.2.0/gems/web-console-2.3.0/lib/web_console/templates/_prompt_box_markup.html.erb within layouts/inlined_string (0.7ms)
  Rendered /home/viji/.rbenv/versions/2.2.3/lib/ruby/gems/2.2.0/gems/web-console-2.3.0/lib/web_console/templates/style.css.erb within layouts/inlined_string (0.7ms)
  Rendered /home/viji/.rbenv/versions/2.2.3/lib/ruby/gems/2.2.0/gems/web-console-2.3.0/lib/web_console/templates/console.js.erb within layouts/javascript (70.4ms)
  Rendered /home/viji/.rbenv/versions/2.2.3/lib/ruby/gems/2.2.0/gems/web-console-2.3.0/lib/web_console/templates/main.js.erb within layouts/javascript (2.0ms)
  Rendered /home/viji/.rbenv/versions/2.2.3/lib/ruby/gems/2.2.0/gems/web-console-2.3.0/lib/web_console/templates/error_page.js.erb within layouts/javascript (0.8ms)
  Rendered /home/viji/.rbenv/versions/2.2.3/lib/ruby/gems/2.2.0/gems/web-console-2.3.0/lib/web_console/templates/index.html.erb (151.8ms)


Started GET "/posts/4" for 127.0.0.1 at 2016-04-28 09:39:57 -0700
Processing by PostsController#show as HTML
  Parameters: {"id"=>"4"}
  [1m[35mPost Load (0.5ms)[0m  SELECT  "posts".* FROM "posts" WHERE "posts"."id" = ? LIMIT 1  [["id", 4]]
  [1m[36mCACHE (0.0ms)[0m  [1mSELECT  "posts".* FROM "posts" WHERE "posts"."id" = ? LIMIT 1[0m  [["id", "4"]]
  Rendered posts/_post.html.erb (9.4ms)
  [1m[35mComment Load (0.7ms)[0m  SELECT "comments".* FROM "comments" WHERE "comments"."post_id" = ?  [["post_id", 4]]
  Rendered collection (0.0ms)
  Rendered posts/show.html.erb within layouts/application (33.7ms)
Completed 500 Internal Server Error in 57ms (ActiveRecord: 1.2ms)

ActionView::Template::Error (undefined method `Comment' for #<Post:0x007f95b2795de8>):
    10:          <%= render :partial => @post.comments %>
    11:  </div>
    12: 
    13: <%= form_for [@post, @post.Comment.new] do |f| %>
    14:         <p>
    15:                 <%= f.label :body, "New comment" %><br/>
    16:                 <%= f.text_area :body %>
  app/views/posts/show.html.erb:13:in `_app_views_posts_show_html_erb___2631908530718700850_70140460564380'


  Rendered /home/viji/.rbenv/versions/2.2.3/lib/ruby/gems/2.2.0/gems/actionpack-4.2.6/lib/action_dispatch/middleware/templates/rescues/_source.erb (13.2ms)
  Rendered /home/viji/.rbenv/versions/2.2.3/lib/ruby/gems/2.2.0/gems/actionpack-4.2.6/lib/action_dispatch/middleware/templates/rescues/_trace.html.erb (13.4ms)
  Rendered /home/viji/.rbenv/versions/2.2.3/lib/ruby/gems/2.2.0/gems/actionpack-4.2.6/lib/action_dispatch/middleware/templates/rescues/_request_and_response.html.erb (7.6ms)
  Rendered /home/viji/.rbenv/versions/2.2.3/lib/ruby/gems/2.2.0/gems/actionpack-4.2.6/lib/action_dispatch/middleware/templates/rescues/template_error.html.erb within rescues/layout (63.8ms)
  Rendered /home/viji/.rbenv/versions/2.2.3/lib/ruby/gems/2.2.0/gems/web-console-2.3.0/lib/web_console/templates/_markup.html.erb (0.7ms)
  Rendered /home/viji/.rbenv/versions/2.2.3/lib/ruby/gems/2.2.0/gems/web-console-2.3.0/lib/web_console/templates/_inner_console_markup.html.erb within layouts/inlined_string (0.6ms)
  Rendered /home/viji/.rbenv/versions/2.2.3/lib/ruby/gems/2.2.0/gems/web-console-2.3.0/lib/web_console/templates/_prompt_box_markup.html.erb within layouts/inlined_string (5.3ms)
  Rendered /home/viji/.rbenv/versions/2.2.3/lib/ruby/gems/2.2.0/gems/web-console-2.3.0/lib/web_console/templates/style.css.erb within layouts/inlined_string (0.6ms)
  Rendered /home/viji/.rbenv/versions/2.2.3/lib/ruby/gems/2.2.0/gems/web-console-2.3.0/lib/web_console/templates/console.js.erb within layouts/javascript (62.5ms)
  Rendered /home/viji/.rbenv/versions/2.2.3/lib/ruby/gems/2.2.0/gems/web-console-2.3.0/lib/web_console/templates/main.js.erb within layouts/javascript (1.1ms)
  Rendered /home/viji/.rbenv/versions/2.2.3/lib/ruby/gems/2.2.0/gems/web-console-2.3.0/lib/web_console/templates/error_page.js.erb within layouts/javascript (0.9ms)
  Rendered /home/viji/.rbenv/versions/2.2.3/lib/ruby/gems/2.2.0/gems/web-console-2.3.0/lib/web_console/templates/index.html.erb (123.1ms)


Started GET "/posts/4" for 127.0.0.1 at 2016-04-28 09:40:42 -0700
Processing by PostsController#show as HTML
  Parameters: {"id"=>"4"}
  [1m[36mPost Load (0.2ms)[0m  [1mSELECT  "posts".* FROM "posts" WHERE "posts"."id" = ? LIMIT 1[0m  [["id", 4]]
  [1m[35mCACHE (0.0ms)[0m  SELECT  "posts".* FROM "posts" WHERE "posts"."id" = ? LIMIT 1  [["id", "4"]]
  Rendered posts/_post.html.erb (1.3ms)
  [1m[36mComment Load (0.2ms)[0m  [1mSELECT "comments".* FROM "comments" WHERE "comments"."post_id" = ?[0m  [["post_id", 4]]
  Rendered collection (0.1ms)
  Rendered posts/show.html.erb within layouts/application (19.5ms)
Completed 500 Internal Server Error in 35ms (ActiveRecord: 0.4ms)

ActionView::Template::Error (undefined method `Comments' for #<Post:0x007f95b305fed8>):
    10:          <%= render :partial => @post.comments %>
    11:  </div>
    12: 
    13: <%= form_for [@post, @post.Comments.new] do |f| %>
    14:         <p>
    15:                 <%= f.label :body, "New comment" %><br/>
    16:                 <%= f.text_area :body %>
  app/views/posts/show.html.erb:13:in `_app_views_posts_show_html_erb___2631908530718700850_70140465181440'


  Rendered /home/viji/.rbenv/versions/2.2.3/lib/ruby/gems/2.2.0/gems/actionpack-4.2.6/lib/action_dispatch/middleware/templates/rescues/_source.erb (14.3ms)
  Rendered /home/viji/.rbenv/versions/2.2.3/lib/ruby/gems/2.2.0/gems/actionpack-4.2.6/lib/action_dispatch/middleware/templates/rescues/_trace.html.erb (9.5ms)
  Rendered /home/viji/.rbenv/versions/2.2.3/lib/ruby/gems/2.2.0/gems/actionpack-4.2.6/lib/action_dispatch/middleware/templates/rescues/_request_and_response.html.erb (6.4ms)
  Rendered /home/viji/.rbenv/versions/2.2.3/lib/ruby/gems/2.2.0/gems/actionpack-4.2.6/lib/action_dispatch/middleware/templates/rescues/template_error.html.erb within rescues/layout (76.3ms)
  Rendered /home/viji/.rbenv/versions/2.2.3/lib/ruby/gems/2.2.0/gems/web-console-2.3.0/lib/web_console/templates/_markup.html.erb (0.9ms)
  Rendered /home/viji/.rbenv/versions/2.2.3/lib/ruby/gems/2.2.0/gems/web-console-2.3.0/lib/web_console/templates/_inner_console_markup.html.erb within layouts/inlined_string (0.7ms)
  Rendered /home/viji/.rbenv/versions/2.2.3/lib/ruby/gems/2.2.0/gems/web-console-2.3.0/lib/web_console/templates/_prompt_box_markup.html.erb within layouts/inlined_string (0.6ms)
  Rendered /home/viji/.rbenv/versions/2.2.3/lib/ruby/gems/2.2.0/gems/web-console-2.3.0/lib/web_console/templates/style.css.erb within layouts/inlined_string (1.7ms)
  Rendered /home/viji/.rbenv/versions/2.2.3/lib/ruby/gems/2.2.0/gems/web-console-2.3.0/lib/web_console/templates/console.js.erb within layouts/javascript (83.4ms)
  Rendered /home/viji/.rbenv/versions/2.2.3/lib/ruby/gems/2.2.0/gems/web-console-2.3.0/lib/web_console/templates/main.js.erb within layouts/javascript (0.7ms)
  Rendered /home/viji/.rbenv/versions/2.2.3/lib/ruby/gems/2.2.0/gems/web-console-2.3.0/lib/web_console/templates/error_page.js.erb within layouts/javascript (0.8ms)
  Rendered /home/viji/.rbenv/versions/2.2.3/lib/ruby/gems/2.2.0/gems/web-console-2.3.0/lib/web_console/templates/index.html.erb (157.1ms)


Started GET "/" for 127.0.0.1 at 2016-04-28 10:13:55 -0700
  [1m[36mActiveRecord::SchemaMigration Load (0.4ms)[0m  [1mSELECT "schema_migrations".* FROM "schema_migrations"[0m
Processing by Rails::WelcomeController#index as HTML
  Rendered /home/viji/.rbenv/versions/2.2.3/lib/ruby/gems/2.2.0/gems/railties-4.2.6/lib/rails/templates/rails/welcome/index.html.erb (19.8ms)
Completed 200 OK in 208ms (Views: 177.0ms | ActiveRecord: 0.0ms)


Started GET "/" for 127.0.0.1 at 2016-04-28 10:17:19 -0700
Processing by Rails::WelcomeController#index as HTML
  Rendered /home/viji/.rbenv/versions/2.2.3/lib/ruby/gems/2.2.0/gems/railties-4.2.6/lib/rails/templates/rails/welcome/index.html.erb (0.1ms)
Completed 200 OK in 11ms (Views: 10.1ms | ActiveRecord: 0.0ms)


Started GET "/posts" for 127.0.0.1 at 2016-04-28 10:17:32 -0700
Processing by PostsController#index as HTML
  [1m[35mPost Load (0.4ms)[0m  SELECT "posts".* FROM "posts"
  Rendered posts/_post.html.erb (54.7ms)
  Rendered posts/index.html.erb within layouts/application (87.5ms)
Completed 200 OK in 1291ms (Views: 1251.3ms | ActiveRecord: 0.9ms)


Started GET "/posts/new" for 127.0.0.1 at 2016-04-28 10:17:36 -0700
Processing by PostsController#new as HTML
Filter chain halted as :authenticate rendered or redirected
Completed 401 Unauthorized in 9ms (ActiveRecord: 0.0ms)


Started GET "/posts/new" for 127.0.0.1 at 2016-04-28 10:17:46 -0700
Processing by PostsController#new as HTML
  Rendered posts/_form.html.erb (241.4ms)
  Rendered posts/new.html.erb within layouts/application (256.1ms)
Completed 200 OK in 330ms (Views: 328.9ms | ActiveRecord: 0.0ms)


Started POST "/posts" for 127.0.0.1 at 2016-04-28 10:17:55 -0700
Processing by PostsController#create as HTML
  Parameters: {"utf8"=>"✓", "authenticity_token"=>"B5JT8TxSPWOgbzA7wQ8NzNcx1073zybOMwsZErDoRU/7Gb1di6v3afg9++kGebrxD+1Wu30ipF9sBgSjTMe5aA==", "post"=>{"title"=>"helooo", "body"=>"how r u?"}, "commit"=>"Create Post"}
Filter chain halted as :authenticate rendered or redirected
Completed 401 Unauthorized in 1ms (ActiveRecord: 0.0ms)


Started POST "/posts" for 127.0.0.1 at 2016-04-28 10:17:55 -0700
Processing by PostsController#create as HTML
  Parameters: {"utf8"=>"✓", "authenticity_token"=>"B5JT8TxSPWOgbzA7wQ8NzNcx1073zybOMwsZErDoRU/7Gb1di6v3afg9++kGebrxD+1Wu30ipF9sBgSjTMe5aA==", "post"=>{"title"=>"helooo", "body"=>"how r u?"}, "commit"=>"Create Post"}
  [1m[36m (0.2ms)[0m  [1mbegin transaction[0m
  [1m[35mSQL (7.7ms)[0m  INSERT INTO "posts" ("title", "body", "created_at", "updated_at") VALUES (?, ?, ?, ?)  [["title", "helooo"], ["body", "how r u?"], ["created_at", "2016-04-28 17:17:55.698398"], ["updated_at", "2016-04-28 17:17:55.698398"]]
  [1m[36m (8.0ms)[0m  [1mcommit transaction[0m
Redirected to http://localhost:3000/posts/5
Completed 302 Found in 172ms (ActiveRecord: 16.0ms)


Started GET "/posts/5" for 127.0.0.1 at 2016-04-28 10:17:55 -0700
Processing by PostsController#show as HTML
  Parameters: {"id"=>"5"}
  [1m[35mPost Load (0.4ms)[0m  SELECT  "posts".* FROM "posts" WHERE "posts"."id" = ? LIMIT 1  [["id", 5]]
  [1m[36mCACHE (0.0ms)[0m  [1mSELECT  "posts".* FROM "posts" WHERE "posts"."id" = ? LIMIT 1[0m  [["id", "5"]]
  Rendered posts/_post.html.erb (2.4ms)
  [1m[35mComment Load (0.3ms)[0m  SELECT "comments".* FROM "comments" WHERE "comments"."post_id" = ?  [["post_id", 5]]
  Rendered collection (0.0ms)
  Rendered posts/show.html.erb within layouts/application (118.0ms)
Completed 500 Internal Server Error in 197ms (ActiveRecord: 1.0ms)

ActionView::Template::Error (undefined method `Comments' for #<Post:0x007f197e0b3710>):
    10:          <%= render :partial => @post.comments %>
    11:  </div>
    12: 
    13: <%= form_for [@post, @post.Comments.new] do |f| %>
    14:         <p>
    15:                 <%= f.label :body, "New comment" %><br/>
    16:                 <%= f.text_area :body %>
  app/views/posts/show.html.erb:13:in `_app_views_posts_show_html_erb__797365610914857085_69873732783540'


  Rendered /home/viji/.rbenv/versions/2.2.3/lib/ruby/gems/2.2.0/gems/actionpack-4.2.6/lib/action_dispatch/middleware/templates/rescues/_source.erb (36.2ms)
  Rendered /home/viji/.rbenv/versions/2.2.3/lib/ruby/gems/2.2.0/gems/actionpack-4.2.6/lib/action_dispatch/middleware/templates/rescues/_trace.html.erb (21.1ms)
  Rendered /home/viji/.rbenv/versions/2.2.3/lib/ruby/gems/2.2.0/gems/actionpack-4.2.6/lib/action_dispatch/middleware/templates/rescues/_request_and_response.html.erb (1.9ms)
  Rendered /home/viji/.rbenv/versions/2.2.3/lib/ruby/gems/2.2.0/gems/actionpack-4.2.6/lib/action_dispatch/middleware/templates/rescues/template_error.html.erb within rescues/layout (136.1ms)
  Rendered /home/viji/.rbenv/versions/2.2.3/lib/ruby/gems/2.2.0/gems/web-console-2.3.0/lib/web_console/templates/_markup.html.erb (0.7ms)
  Rendered /home/viji/.rbenv/versions/2.2.3/lib/ruby/gems/2.2.0/gems/web-console-2.3.0/lib/web_console/templates/_inner_console_markup.html.erb within layouts/inlined_string (0.6ms)
  Rendered /home/viji/.rbenv/versions/2.2.3/lib/ruby/gems/2.2.0/gems/web-console-2.3.0/lib/web_console/templates/_prompt_box_markup.html.erb within layouts/inlined_string (0.6ms)
  Rendered /home/viji/.rbenv/versions/2.2.3/lib/ruby/gems/2.2.0/gems/web-console-2.3.0/lib/web_console/templates/style.css.erb within layouts/inlined_string (0.6ms)
  Rendered /home/viji/.rbenv/versions/2.2.3/lib/ruby/gems/2.2.0/gems/web-console-2.3.0/lib/web_console/templates/console.js.erb within layouts/javascript (67.2ms)
  Rendered /home/viji/.rbenv/versions/2.2.3/lib/ruby/gems/2.2.0/gems/web-console-2.3.0/lib/web_console/templates/main.js.erb within layouts/javascript (0.8ms)
  Rendered /home/viji/.rbenv/versions/2.2.3/lib/ruby/gems/2.2.0/gems/web-console-2.3.0/lib/web_console/templates/error_page.js.erb within layouts/javascript (0.8ms)
  Rendered /home/viji/.rbenv/versions/2.2.3/lib/ruby/gems/2.2.0/gems/web-console-2.3.0/lib/web_console/templates/index.html.erb (157.1ms)


Started GET "/posts/5" for 127.0.0.1 at 2016-04-28 10:19:46 -0700
Processing by PostsController#show as HTML
  Parameters: {"id"=>"5"}
  [1m[36mPost Load (0.3ms)[0m  [1mSELECT  "posts".* FROM "posts" WHERE "posts"."id" = ? LIMIT 1[0m  [["id", 5]]
  [1m[35mCACHE (0.0ms)[0m  SELECT  "posts".* FROM "posts" WHERE "posts"."id" = ? LIMIT 1  [["id", "5"]]
  Rendered posts/_post.html.erb (1.6ms)
  [1m[36mComment Load (0.2ms)[0m  [1mSELECT "comments".* FROM "comments" WHERE "comments"."post_id" = ?[0m  [["post_id", 5]]
  Rendered collection (0.0ms)
  Rendered posts/show.html.erb within layouts/application (47.4ms)
Completed 500 Internal Server Error in 76ms (ActiveRecord: 0.5ms)

ActionView::Template::Error (undefined method `Comments' for #<Post:0x00562462e756d0>):
    10:          <%= render :partial => @post.comments %>
    11:  </div>
    12: 
    13: <%= form_for [@post, @post.Comments.new] do |f| %>
    14:         <p>
    15:                 <%= f.label :body, "New comment" %><br/>
    16:                 <%= f.text_area :body %>
  app/views/posts/show.html.erb:13:in `_app_views_posts_show_html_erb__797365610914857085_69873732783540'


  Rendered /home/viji/.rbenv/versions/2.2.3/lib/ruby/gems/2.2.0/gems/actionpack-4.2.6/lib/action_dispatch/middleware/templates/rescues/_source.erb (12.9ms)
  Rendered /home/viji/.rbenv/versions/2.2.3/lib/ruby/gems/2.2.0/gems/actionpack-4.2.6/lib/action_dispatch/middleware/templates/rescues/_trace.html.erb (4.4ms)
  Rendered /home/viji/.rbenv/versions/2.2.3/lib/ruby/gems/2.2.0/gems/actionpack-4.2.6/lib/action_dispatch/middleware/templates/rescues/_request_and_response.html.erb (1.5ms)
  Rendered /home/viji/.rbenv/versions/2.2.3/lib/ruby/gems/2.2.0/gems/actionpack-4.2.6/lib/action_dispatch/middleware/templates/rescues/template_error.html.erb within rescues/layout (65.9ms)
  Rendered /home/viji/.rbenv/versions/2.2.3/lib/ruby/gems/2.2.0/gems/web-console-2.3.0/lib/web_console/templates/_markup.html.erb (0.6ms)
  Rendered /home/viji/.rbenv/versions/2.2.3/lib/ruby/gems/2.2.0/gems/web-console-2.3.0/lib/web_console/templates/_inner_console_markup.html.erb within layouts/inlined_string (0.8ms)
  Rendered /home/viji/.rbenv/versions/2.2.3/lib/ruby/gems/2.2.0/gems/web-console-2.3.0/lib/web_console/templates/_prompt_box_markup.html.erb within layouts/inlined_string (0.7ms)
  Rendered /home/viji/.rbenv/versions/2.2.3/lib/ruby/gems/2.2.0/gems/web-console-2.3.0/lib/web_console/templates/style.css.erb within layouts/inlined_string (0.7ms)
  Rendered /home/viji/.rbenv/versions/2.2.3/lib/ruby/gems/2.2.0/gems/web-console-2.3.0/lib/web_console/templates/console.js.erb within layouts/javascript (55.9ms)
  Rendered /home/viji/.rbenv/versions/2.2.3/lib/ruby/gems/2.2.0/gems/web-console-2.3.0/lib/web_console/templates/main.js.erb within layouts/javascript (0.5ms)
  Rendered /home/viji/.rbenv/versions/2.2.3/lib/ruby/gems/2.2.0/gems/web-console-2.3.0/lib/web_console/templates/error_page.js.erb within layouts/javascript (0.7ms)
  Rendered /home/viji/.rbenv/versions/2.2.3/lib/ruby/gems/2.2.0/gems/web-console-2.3.0/lib/web_console/templates/index.html.erb (122.9ms)


Started POST "/posts" for 127.0.0.1 at 2016-04-28 10:19:57 -0700
Processing by PostsController#create as HTML
  Parameters: {"utf8"=>"✓", "authenticity_token"=>"B5JT8TxSPWOgbzA7wQ8NzNcx1073zybOMwsZErDoRU/7Gb1di6v3afg9++kGebrxD+1Wu30ipF9sBgSjTMe5aA==", "post"=>{"title"=>"helooo", "body"=>"how r u?"}, "commit"=>"Create Post"}
  [1m[35m (0.1ms)[0m  begin transaction
  [1m[36mSQL (0.3ms)[0m  [1mINSERT INTO "posts" ("title", "body", "created_at", "updated_at") VALUES (?, ?, ?, ?)[0m  [["title", "helooo"], ["body", "how r u?"], ["created_at", "2016-04-28 17:19:57.406978"], ["updated_at", "2016-04-28 17:19:57.406978"]]
  [1m[35m (6.1ms)[0m  commit transaction
Redirected to http://localhost:3000/posts/6
Completed 302 Found in 19ms (ActiveRecord: 6.5ms)


Started GET "/posts/6" for 127.0.0.1 at 2016-04-28 10:19:57 -0700
Processing by PostsController#show as HTML
  Parameters: {"id"=>"6"}
  [1m[36mPost Load (0.2ms)[0m  [1mSELECT  "posts".* FROM "posts" WHERE "posts"."id" = ? LIMIT 1[0m  [["id", 6]]
  [1m[35mCACHE (0.0ms)[0m  SELECT  "posts".* FROM "posts" WHERE "posts"."id" = ? LIMIT 1  [["id", "6"]]
  Rendered posts/_post.html.erb (4.8ms)
  [1m[36mComment Load (0.2ms)[0m  [1mSELECT "comments".* FROM "comments" WHERE "comments"."post_id" = ?[0m  [["post_id", 6]]
  Rendered collection (0.0ms)
  Rendered posts/show.html.erb within layouts/application (24.3ms)
Completed 500 Internal Server Error in 41ms (ActiveRecord: 0.4ms)

ActionView::Template::Error (undefined method `Comments' for #<Post:0x007f197e318140>):
    10:          <%= render :partial => @post.comments %>
    11:  </div>
    12: 
    13: <%= form_for [@post, @post.Comments.new] do |f| %>
    14:         <p>
    15:                 <%= f.label :body, "New comment" %><br/>
    16:                 <%= f.text_area :body %>
  app/views/posts/show.html.erb:13:in `_app_views_posts_show_html_erb__797365610914857085_69873732783540'


  Rendered /home/viji/.rbenv/versions/2.2.3/lib/ruby/gems/2.2.0/gems/actionpack-4.2.6/lib/action_dispatch/middleware/templates/rescues/_source.erb (12.0ms)
  Rendered /home/viji/.rbenv/versions/2.2.3/lib/ruby/gems/2.2.0/gems/actionpack-4.2.6/lib/action_dispatch/middleware/templates/rescues/_trace.html.erb (9.2ms)
  Rendered /home/viji/.rbenv/versions/2.2.3/lib/ruby/gems/2.2.0/gems/actionpack-4.2.6/lib/action_dispatch/middleware/templates/rescues/_request_and_response.html.erb (1.6ms)
  Rendered /home/viji/.rbenv/versions/2.2.3/lib/ruby/gems/2.2.0/gems/actionpack-4.2.6/lib/action_dispatch/middleware/templates/rescues/template_error.html.erb within rescues/layout (60.3ms)
  Rendered /home/viji/.rbenv/versions/2.2.3/lib/ruby/gems/2.2.0/gems/web-console-2.3.0/lib/web_console/templates/_markup.html.erb (0.7ms)
  Rendered /home/viji/.rbenv/versions/2.2.3/lib/ruby/gems/2.2.0/gems/web-console-2.3.0/lib/web_console/templates/_inner_console_markup.html.erb within layouts/inlined_string (1.2ms)
  Rendered /home/viji/.rbenv/versions/2.2.3/lib/ruby/gems/2.2.0/gems/web-console-2.3.0/lib/web_console/templates/_prompt_box_markup.html.erb within layouts/inlined_string (4.8ms)
  Rendered /home/viji/.rbenv/versions/2.2.3/lib/ruby/gems/2.2.0/gems/web-console-2.3.0/lib/web_console/templates/style.css.erb within layouts/inlined_string (0.6ms)
  Rendered /home/viji/.rbenv/versions/2.2.3/lib/ruby/gems/2.2.0/gems/web-console-2.3.0/lib/web_console/templates/console.js.erb within layouts/javascript (75.6ms)
  Rendered /home/viji/.rbenv/versions/2.2.3/lib/ruby/gems/2.2.0/gems/web-console-2.3.0/lib/web_console/templates/main.js.erb within layouts/javascript (0.5ms)
  Rendered /home/viji/.rbenv/versions/2.2.3/lib/ruby/gems/2.2.0/gems/web-console-2.3.0/lib/web_console/templates/error_page.js.erb within layouts/javascript (0.6ms)
  Rendered /home/viji/.rbenv/versions/2.2.3/lib/ruby/gems/2.2.0/gems/web-console-2.3.0/lib/web_console/templates/index.html.erb (131.0ms)


Started GET "/posts/6" for 127.0.0.1 at 2016-04-28 10:20:33 -0700
Processing by PostsController#show as HTML
  Parameters: {"id"=>"6"}
  [1m[35mPost Load (3.6ms)[0m  SELECT  "posts".* FROM "posts" WHERE "posts"."id" = ? LIMIT 1  [["id", 6]]
  [1m[36mCACHE (0.0ms)[0m  [1mSELECT  "posts".* FROM "posts" WHERE "posts"."id" = ? LIMIT 1[0m  [["id", "6"]]
  Rendered posts/_post.html.erb (1.1ms)
  [1m[35mComment Load (0.1ms)[0m  SELECT "comments".* FROM "comments" WHERE "comments"."post_id" = ?  [["post_id", 6]]
  Rendered collection (0.0ms)
  Rendered posts/show.html.erb within layouts/application (17.3ms)
Completed 200 OK in 106ms (Views: 98.7ms | ActiveRecord: 3.8ms)


Started GET "/assets/comments.self-e3b0c44298fc1c149afbf4c8996fb92427ae41e4649b934ca495991b7852b855.css?body=1" for 127.0.0.1 at 2016-04-28 10:20:33 -0700


Started GET "/assets/posts.self-e3b0c44298fc1c149afbf4c8996fb92427ae41e4649b934ca495991b7852b855.css?body=1" for 127.0.0.1 at 2016-04-28 10:20:33 -0700


Started GET "/assets/application.self-e80e8f2318043e8af94dddc2adad5a4f09739a8ebb323b3ab31cd71d45fd9113.css?body=1" for 127.0.0.1 at 2016-04-28 10:20:33 -0700


Started GET "/assets/scaffolds.self-c816b7709dfec573feeb8a3fb2176daf14dd133c9337fc8d696cf66fbbe602e8.css?body=1" for 127.0.0.1 at 2016-04-28 10:20:33 -0700


Started GET "/assets/jquery.self-660adc51e0224b731d29f575a6f1ec167ba08ad06ed5deca4f1e8654c135bf4c.js?body=1" for 127.0.0.1 at 2016-04-28 10:20:33 -0700


Started GET "/assets/jquery_ujs.self-e87806d0cf4489aeb1bb7288016024e8de67fd18db693fe026fe3907581e53cd.js?body=1" for 127.0.0.1 at 2016-04-28 10:20:33 -0700


Started GET "/assets/turbolinks.self-c37727e9bd6b2735da5c311aa83fead54ed0be6cc8bd9a65309e9c5abe2cbfff.js?body=1" for 127.0.0.1 at 2016-04-28 10:20:33 -0700


Started GET "/assets/comments.self-877aef30ae1b040ab8a3aba4e3e309a11d7f2612f44dde450b5c157aa5f95c05.js?body=1" for 127.0.0.1 at 2016-04-28 10:20:33 -0700


Started GET "/assets/posts.self-877aef30ae1b040ab8a3aba4e3e309a11d7f2612f44dde450b5c157aa5f95c05.js?body=1" for 127.0.0.1 at 2016-04-28 10:20:33 -0700


Started GET "/assets/application.self-3b8dabdc891efe46b9a144b400ad69e37d7e5876bdc39dee783419a69d7ca819.js?body=1" for 127.0.0.1 at 2016-04-28 10:20:33 -0700


Started GET "/posts" for 127.0.0.1 at 2016-04-28 10:20:38 -0700
Processing by PostsController#index as HTML
  [1m[36mPost Load (0.4ms)[0m  [1mSELECT "posts".* FROM "posts"[0m
  Rendered posts/_post.html.erb (17.4ms)
  Rendered posts/index.html.erb within layouts/application (26.1ms)
Completed 200 OK in 60ms (Views: 58.3ms | ActiveRecord: 0.4ms)


Started GET "/posts/new" for 127.0.0.1 at 2016-04-28 10:20:56 -0700
Processing by PostsController#new as HTML
  Rendered posts/_form.html.erb (7.0ms)
  Rendered posts/new.html.erb within layouts/application (21.0ms)
Completed 200 OK in 92ms (Views: 83.8ms | ActiveRecord: 0.0ms)


Started POST "/posts" for 127.0.0.1 at 2016-04-28 10:21:37 -0700
Processing by PostsController#create as HTML
  Parameters: {"utf8"=>"✓", "authenticity_token"=>"FpoRTbJ0Q7COGupiJaYgmlhI1r2boX/h5w2cfdYzQoPqEf/hBY2JutZIIbDi0JengJRXSBFM/XC4AIHMKhy+pA==", "post"=>{"title"=>"Rails", "body"=>"This application has the blog for posts and comments"}, "commit"=>"Create Post"}
  [1m[35m (0.2ms)[0m  begin transaction
  [1m[36mSQL (5.6ms)[0m  [1mINSERT INTO "posts" ("title", "body", "created_at", "updated_at") VALUES (?, ?, ?, ?)[0m  [["title", "Rails"], ["body", "This application has the blog for posts and comments"], ["created_at", "2016-04-28 17:21:37.465761"], ["updated_at", "2016-04-28 17:21:37.465761"]]
  [1m[35m (7.0ms)[0m  commit transaction
Redirected to http://localhost:3000/posts/7
Completed 302 Found in 27ms (ActiveRecord: 12.7ms)


Started GET "/posts/7" for 127.0.0.1 at 2016-04-28 10:21:37 -0700
Processing by PostsController#show as HTML
  Parameters: {"id"=>"7"}
  [1m[36mPost Load (0.2ms)[0m  [1mSELECT  "posts".* FROM "posts" WHERE "posts"."id" = ? LIMIT 1[0m  [["id", 7]]
  [1m[35mCACHE (0.0ms)[0m  SELECT  "posts".* FROM "posts" WHERE "posts"."id" = ? LIMIT 1  [["id", "7"]]
  Rendered posts/_post.html.erb (5.6ms)
  [1m[36mComment Load (0.2ms)[0m  [1mSELECT "comments".* FROM "comments" WHERE "comments"."post_id" = ?[0m  [["post_id", 7]]
  Rendered collection (0.0ms)
  Rendered posts/show.html.erb within layouts/application (10.6ms)
Completed 200 OK in 63ms (Views: 58.6ms | ActiveRecord: 0.4ms)


Started GET "/posts/7/edit" for 127.0.0.1 at 2016-04-28 10:21:41 -0700
Processing by PostsController#edit as HTML
  Parameters: {"id"=>"7"}
  [1m[35mPost Load (5.9ms)[0m  SELECT  "posts".* FROM "posts" WHERE "posts"."id" = ? LIMIT 1  [["id", 7]]
  Rendered posts/_form.html.erb (10.3ms)
  Rendered posts/edit.html.erb within layouts/application (22.9ms)
Completed 200 OK in 78ms (Views: 67.8ms | ActiveRecord: 5.9ms)


Started PATCH "/posts/7" for 127.0.0.1 at 2016-04-28 10:21:43 -0700
Processing by PostsController#update as HTML
  Parameters: {"utf8"=>"✓", "authenticity_token"=>"+Lw2nLOdBIou0pgSqCHIuXdRJ05fTOazEONBK6BEjjoEN9gwBGTOgHaAU8BvV3+Er42mu9WhZCJP7lyaXGtyHQ==", "post"=>{"title"=>"Rails", "body"=>"This application has the blog for posts and comments"}, "commit"=>"Update Post", "id"=>"7"}
  [1m[36mPost Load (0.2ms)[0m  [1mSELECT  "posts".* FROM "posts" WHERE "posts"."id" = ? LIMIT 1[0m  [["id", 7]]
  [1m[35m (0.2ms)[0m  begin transaction
  [1m[36m (0.1ms)[0m  [1mcommit transaction[0m
Redirected to http://localhost:3000/posts/7
Completed 302 Found in 16ms (ActiveRecord: 0.6ms)


Started GET "/posts/7" for 127.0.0.1 at 2016-04-28 10:21:43 -0700
Processing by PostsController#show as HTML
  Parameters: {"id"=>"7"}
  [1m[35mPost Load (0.2ms)[0m  SELECT  "posts".* FROM "posts" WHERE "posts"."id" = ? LIMIT 1  [["id", 7]]
  [1m[36mCACHE (0.0ms)[0m  [1mSELECT  "posts".* FROM "posts" WHERE "posts"."id" = ? LIMIT 1[0m  [["id", "7"]]
  Rendered posts/_post.html.erb (1.1ms)
  [1m[35mComment Load (3.2ms)[0m  SELECT "comments".* FROM "comments" WHERE "comments"."post_id" = ?  [["post_id", 7]]
  Rendered collection (0.0ms)
  Rendered posts/show.html.erb within layouts/application (11.4ms)
Completed 200 OK in 62ms (Views: 53.2ms | ActiveRecord: 3.4ms)


Started GET "/posts" for 127.0.0.1 at 2016-04-28 10:21:47 -0700
Processing by PostsController#index as HTML
  [1m[36mPost Load (4.7ms)[0m  [1mSELECT "posts".* FROM "posts"[0m
  Rendered posts/_post.html.erb (25.5ms)
  Rendered posts/index.html.erb within layouts/application (47.2ms)
Completed 200 OK in 109ms (Views: 102.3ms | ActiveRecord: 4.7ms)


Started GET "/posts/show" for 127.0.0.1 at 2016-04-28 10:22:31 -0700
Processing by PostsController#show as HTML
  Parameters: {"id"=>"show"}
  [1m[35mPost Load (0.1ms)[0m  SELECT  "posts".* FROM "posts" WHERE "posts"."id" = ? LIMIT 1  [["id", 0]]
Completed 404 Not Found in 4ms (ActiveRecord: 0.1ms)

ActiveRecord::RecordNotFound (Couldn't find Post with 'id'=show):
  app/controllers/posts_controller.rb:69:in `set_post'


  Rendered /home/viji/.rbenv/versions/2.2.3/lib/ruby/gems/2.2.0/gems/actionpack-4.2.6/lib/action_dispatch/middleware/templates/rescues/_source.erb (7.6ms)
  Rendered /home/viji/.rbenv/versions/2.2.3/lib/ruby/gems/2.2.0/gems/actionpack-4.2.6/lib/action_dispatch/middleware/templates/rescues/_trace.html.erb (7.7ms)
  Rendered /home/viji/.rbenv/versions/2.2.3/lib/ruby/gems/2.2.0/gems/actionpack-4.2.6/lib/action_dispatch/middleware/templates/rescues/_request_and_response.html.erb (1.5ms)
  Rendered /home/viji/.rbenv/versions/2.2.3/lib/ruby/gems/2.2.0/gems/actionpack-4.2.6/lib/action_dispatch/middleware/templates/rescues/diagnostics.html.erb within rescues/layout (56.1ms)
  Rendered /home/viji/.rbenv/versions/2.2.3/lib/ruby/gems/2.2.0/gems/web-console-2.3.0/lib/web_console/templates/_markup.html.erb (0.7ms)
  Rendered /home/viji/.rbenv/versions/2.2.3/lib/ruby/gems/2.2.0/gems/web-console-2.3.0/lib/web_console/templates/_inner_console_markup.html.erb within layouts/inlined_string (1.2ms)
  Rendered /home/viji/.rbenv/versions/2.2.3/lib/ruby/gems/2.2.0/gems/web-console-2.3.0/lib/web_console/templates/_prompt_box_markup.html.erb within layouts/inlined_string (0.5ms)
  Rendered /home/viji/.rbenv/versions/2.2.3/lib/ruby/gems/2.2.0/gems/web-console-2.3.0/lib/web_console/templates/style.css.erb within layouts/inlined_string (3.7ms)
  Rendered /home/viji/.rbenv/versions/2.2.3/lib/ruby/gems/2.2.0/gems/web-console-2.3.0/lib/web_console/templates/console.js.erb within layouts/javascript (65.5ms)
  Rendered /home/viji/.rbenv/versions/2.2.3/lib/ruby/gems/2.2.0/gems/web-console-2.3.0/lib/web_console/templates/main.js.erb within layouts/javascript (1.3ms)
  Rendered /home/viji/.rbenv/versions/2.2.3/lib/ruby/gems/2.2.0/gems/web-console-2.3.0/lib/web_console/templates/error_page.js.erb within layouts/javascript (0.9ms)
  Rendered /home/viji/.rbenv/versions/2.2.3/lib/ruby/gems/2.2.0/gems/web-console-2.3.0/lib/web_console/templates/index.html.erb (131.8ms)


Started GET "/comments" for 127.0.0.1 at 2016-04-28 10:24:55 -0700

ActionController::RoutingError (No route matches [GET] "/comments"):
  actionpack (4.2.6) lib/action_dispatch/middleware/debug_exceptions.rb:21:in `call'
  web-console (2.3.0) lib/web_console/middleware.rb:28:in `block in call'
  web-console (2.3.0) lib/web_console/middleware.rb:18:in `catch'
  web-console (2.3.0) lib/web_console/middleware.rb:18:in `call'
  actionpack (4.2.6) lib/action_dispatch/middleware/show_exceptions.rb:30:in `call'
  railties (4.2.6) lib/rails/rack/logger.rb:38:in `call_app'
  railties (4.2.6) lib/rails/rack/logger.rb:20:in `block in call'
  activesupport (4.2.6) lib/active_support/tagged_logging.rb:68:in `block in tagged'
  activesupport (4.2.6) lib/active_support/tagged_logging.rb:26:in `tagged'
  activesupport (4.2.6) lib/active_support/tagged_logging.rb:68:in `tagged'
  railties (4.2.6) lib/rails/rack/logger.rb:20:in `call'
  actionpack (4.2.6) lib/action_dispatch/middleware/request_id.rb:21:in `call'
  rack (1.6.4) lib/rack/methodoverride.rb:22:in `call'
  rack (1.6.4) lib/rack/runtime.rb:18:in `call'
  activesupport (4.2.6) lib/active_support/cache/strategy/local_cache_middleware.rb:28:in `call'
  rack (1.6.4) lib/rack/lock.rb:17:in `call'
  actionpack (4.2.6) lib/action_dispatch/middleware/static.rb:120:in `call'
  rack (1.6.4) lib/rack/sendfile.rb:113:in `call'
  railties (4.2.6) lib/rails/engine.rb:518:in `call'
  railties (4.2.6) lib/rails/application.rb:165:in `call'
  rack (1.6.4) lib/rack/lock.rb:17:in `call'
  rack (1.6.4) lib/rack/content_length.rb:15:in `call'
  rack (1.6.4) lib/rack/handler/webrick.rb:88:in `service'
  /home/viji/.rbenv/versions/2.2.3/lib/ruby/2.2.0/webrick/httpserver.rb:138:in `service'
  /home/viji/.rbenv/versions/2.2.3/lib/ruby/2.2.0/webrick/httpserver.rb:94:in `run'
  /home/viji/.rbenv/versions/2.2.3/lib/ruby/2.2.0/webrick/server.rb:294:in `block in start_thread'


  Rendered /home/viji/.rbenv/versions/2.2.3/lib/ruby/gems/2.2.0/gems/actionpack-4.2.6/lib/action_dispatch/middleware/templates/rescues/_trace.html.erb (3.0ms)
  Rendered /home/viji/.rbenv/versions/2.2.3/lib/ruby/gems/2.2.0/gems/actionpack-4.2.6/lib/action_dispatch/middleware/templates/routes/_route.html.erb (2.8ms)
  Rendered /home/viji/.rbenv/versions/2.2.3/lib/ruby/gems/2.2.0/gems/actionpack-4.2.6/lib/action_dispatch/middleware/templates/routes/_table.html.erb (30.1ms)
  Rendered /home/viji/.rbenv/versions/2.2.3/lib/ruby/gems/2.2.0/gems/actionpack-4.2.6/lib/action_dispatch/middleware/templates/rescues/_request_and_response.html.erb (11.3ms)
  Rendered /home/viji/.rbenv/versions/2.2.3/lib/ruby/gems/2.2.0/gems/actionpack-4.2.6/lib/action_dispatch/middleware/templates/rescues/routing_error.html.erb within rescues/layout (125.1ms)
  Rendered /home/viji/.rbenv/versions/2.2.3/lib/ruby/gems/2.2.0/gems/web-console-2.3.0/lib/web_console/templates/_markup.html.erb (0.9ms)
  Rendered /home/viji/.rbenv/versions/2.2.3/lib/ruby/gems/2.2.0/gems/web-console-2.3.0/lib/web_console/templates/_inner_console_markup.html.erb within layouts/inlined_string (0.9ms)
  Rendered /home/viji/.rbenv/versions/2.2.3/lib/ruby/gems/2.2.0/gems/web-console-2.3.0/lib/web_console/templates/_prompt_box_markup.html.erb within layouts/inlined_string (0.5ms)
  Rendered /home/viji/.rbenv/versions/2.2.3/lib/ruby/gems/2.2.0/gems/web-console-2.3.0/lib/web_console/templates/style.css.erb within layouts/inlined_string (8.3ms)
  Rendered /home/viji/.rbenv/versions/2.2.3/lib/ruby/gems/2.2.0/gems/web-console-2.3.0/lib/web_console/templates/console.js.erb within layouts/javascript (62.5ms)
  Rendered /home/viji/.rbenv/versions/2.2.3/lib/ruby/gems/2.2.0/gems/web-console-2.3.0/lib/web_console/templates/main.js.erb within layouts/javascript (0.8ms)
  Rendered /home/viji/.rbenv/versions/2.2.3/lib/ruby/gems/2.2.0/gems/web-console-2.3.0/lib/web_console/templates/error_page.js.erb within layouts/javascript (0.7ms)
  Rendered /home/viji/.rbenv/versions/2.2.3/lib/ruby/gems/2.2.0/gems/web-console-2.3.0/lib/web_console/templates/index.html.erb (118.9ms)
